<?xml version="1.0" encoding="UTF-8"?>
<!-- Generated by org.testng.reporters.JUnitReportReporter -->
<testsuite hostname="DESKTOP-M8GBR1P" failures="0" tests="1" name="electronics.TC_DWS_007_Test" time="4.743" errors="0" timestamp="2024-11-20T12:33:29 IST" skipped="0">
  <testcase classname="electronics.TC_DWS_007_Test" name="clickOnElectronics" time="4.743"/>
</testsuite> <!-- electronics.TC_DWS_007_Test -->
