<?xml version="1.0" encoding="UTF-8"?>
<!-- Generated by org.testng.reporters.JUnitReportReporter -->
<testsuite hostname="DESKTOP-M8GBR1P" failures="0" tests="1" name="giftcards.TC_DWS_008_Test" time="5.398" errors="0" timestamp="2024-11-20T12:33:29 IST" skipped="0">
  <testcase classname="giftcards.TC_DWS_008_Test" name="clickOnGiftcards" time="5.398"/>
</testsuite> <!-- giftcards.TC_DWS_008_Test -->
