<?xml version="1.0" encoding="UTF-8"?>
<!-- Generated by org.testng.reporters.JUnitReportReporter -->
<testsuite hostname="DESKTOP-M8GBR1P" failures="0" tests="1" name="computers.TC_DWS_006_Test" time="4.868" errors="0" timestamp="2024-11-20T12:33:29 IST" skipped="0">
  <testcase classname="computers.TC_DWS_006_Test" name="clickOnComputers" time="4.868"/>
</testsuite> <!-- computers.TC_DWS_006_Test -->
